<?xml version="1.0" encoding="UTF-8"?>
<!-- Generated by org.testng.reporters.JUnitXMLReporter -->
<testsuite hostname="PUN-WKS-AC422" ignored="0" name="BasicTest" tests="9" failures="0" timestamp="17 Oct 2018 14:17:28 GMT" time="81.979" errors="0">
  <testcase name="AdminPageTest" time="2.886" classname="com.testcases.HomePageTest"/>
  <testcase name="fbLinkTest" time="0.111" classname="com.testcases.LoginPageTest"/>
  <testcase name="linkedInLinkTest" time="0.112" classname="com.testcases.LoginPageTest"/>
  <testcase name="loginPageTitleTest" time="0.008" classname="com.testcases.LoginPageTest"/>
  <testcase name="loginTest" time="2.148" classname="com.testcases.LoginPageTest"/>
  <testcase name="twitterLinkTest" time="0.087" classname="com.testcases.LoginPageTest"/>
  <testcase name="validatImageTest" time="0.051" classname="com.testcases.LoginPageTest"/>
  <testcase name="youtubeLinkTest" time="0.101" classname="com.testcases.LoginPageTest"/>
  <testcase name="verifyHomepageTitle" time="0.006" classname="com.testcases.HomePageTest"/>
</testsuite> <!-- BasicTest -->
