<?xml version="1.0" encoding="UTF-8"?>
<!-- Generated by org.testng.reporters.JUnitXMLReporter -->
<testsuite hostname="PUN-WKS-AC422" ignored="0" name="Regression Test" tests="17" failures="0" timestamp="02 Apr 2019 04:35:41 GMT" time="0.188" errors="0">
  <testcase name="@BeforeMethod setUp" time="0.005" classname="com.testcases.HomePageTest">
    <failure type="java.lang.NullPointerException">
      <![CDATA[java.lang.NullPointerException
at com.base.TestBase.initialization(TestBase.java:42)
at com.testcases.HomePageTest.setUp(HomePageTest.java:23)
... Removed 28 stack frames]]>
    </failure>
  </testcase> <!-- @BeforeMethod setUp -->
  <testcase name="@AfterMethod tearDown" time="0.0" classname="com.testcases.HomePageTest">
    <skipped/>
  </testcase> <!-- @AfterMethod tearDown -->
  <testcase name="@BeforeMethod setUp" time="0.0" classname="com.testcases.HomePageTest">
    <skipped/>
  </testcase> <!-- @BeforeMethod setUp -->
  <testcase name="@AfterMethod tearDown" time="0.0" classname="com.testcases.HomePageTest">
    <skipped/>
  </testcase> <!-- @AfterMethod tearDown -->
  <testcase name="@BeforeMethod setUp" time="0.0" classname="com.testcases.HomePageTest">
    <skipped/>
  </testcase> <!-- @BeforeMethod setUp -->
  <testcase name="@AfterMethod tearDown" time="0.0" classname="com.testcases.HomePageTest">
    <skipped/>
  </testcase> <!-- @AfterMethod tearDown -->
  <testcase name="@BeforeMethod setUp" time="0.0" classname="com.testcases.HomePageTest">
    <skipped/>
  </testcase> <!-- @BeforeMethod setUp -->
  <testcase name="@AfterMethod tearDown" time="0.0" classname="com.testcases.HomePageTest">
    <skipped/>
  </testcase> <!-- @AfterMethod tearDown -->
  <testcase name="@BeforeMethod setUp" time="0.0" classname="com.testcases.HomePageTest">
    <skipped/>
  </testcase> <!-- @BeforeMethod setUp -->
  <testcase name="@AfterMethod tearDown" time="0.0" classname="com.testcases.HomePageTest">
    <skipped/>
  </testcase> <!-- @AfterMethod tearDown -->
  <testcase name="@BeforeMethod setUp" time="0.0" classname="com.testcases.HomePageTest">
    <skipped/>
  </testcase> <!-- @BeforeMethod setUp -->
  <testcase name="@AfterMethod tearDown" time="0.0" classname="com.testcases.HomePageTest">
    <skipped/>
  </testcase> <!-- @AfterMethod tearDown -->
  <testcase name="@BeforeMethod setUp" time="0.0" classname="com.testcases.HomePageTest">
    <skipped/>
  </testcase> <!-- @BeforeMethod setUp -->
  <testcase name="@AfterMethod tearDown" time="0.0" classname="com.testcases.HomePageTest">
    <skipped/>
  </testcase> <!-- @AfterMethod tearDown -->
  <testcase name="@BeforeMethod setup" time="0.001" classname="com.testcases.LoginPageTest">
    <failure type="java.lang.NullPointerException">
      <![CDATA[java.lang.NullPointerException
at com.base.TestBase.initialization(TestBase.java:42)
at com.testcases.LoginPageTest.setup(LoginPageTest.java:24)
... Removed 28 stack frames]]>
    </failure>
  </testcase> <!-- @BeforeMethod setup -->
  <testcase name="@AfterMethod tearDown" time="0.0" classname="com.testcases.LoginPageTest">
    <skipped/>
  </testcase> <!-- @AfterMethod tearDown -->
  <testcase name="@BeforeMethod setup" time="0.0" classname="com.testcases.LoginPageTest">
    <skipped/>
  </testcase> <!-- @BeforeMethod setup -->
  <testcase name="@AfterMethod tearDown" time="0.0" classname="com.testcases.LoginPageTest">
    <skipped/>
  </testcase> <!-- @AfterMethod tearDown -->
  <testcase name="@BeforeMethod setup" time="0.0" classname="com.testcases.LoginPageTest">
    <skipped/>
  </testcase> <!-- @BeforeMethod setup -->
  <testcase name="@AfterMethod tearDown" time="0.0" classname="com.testcases.LoginPageTest">
    <skipped/>
  </testcase> <!-- @AfterMethod tearDown -->
  <testcase name="@BeforeMethod setup" time="0.0" classname="com.testcases.LoginPageTest">
    <skipped/>
  </testcase> <!-- @BeforeMethod setup -->
  <testcase name="@AfterMethod tearDown" time="0.0" classname="com.testcases.LoginPageTest">
    <skipped/>
  </testcase> <!-- @AfterMethod tearDown -->
  <testcase name="@BeforeMethod setup" time="0.0" classname="com.testcases.LoginPageTest">
    <skipped/>
  </testcase> <!-- @BeforeMethod setup -->
  <testcase name="@AfterMethod tearDown" time="0.0" classname="com.testcases.LoginPageTest">
    <skipped/>
  </testcase> <!-- @AfterMethod tearDown -->
  <testcase name="@BeforeMethod setup" time="0.0" classname="com.testcases.LoginPageTest">
    <skipped/>
  </testcase> <!-- @BeforeMethod setup -->
  <testcase name="@AfterMethod tearDown" time="0.0" classname="com.testcases.LoginPageTest">
    <skipped/>
  </testcase> <!-- @AfterMethod tearDown -->
  <testcase name="@BeforeMethod setup" time="0.0" classname="com.testcases.LoginPageTest">
    <skipped/>
  </testcase> <!-- @BeforeMethod setup -->
  <testcase name="@AfterMethod tearDown" time="0.0" classname="com.testcases.LoginPageTest">
    <skipped/>
  </testcase> <!-- @AfterMethod tearDown -->
  <testcase name="@BeforeMethod setUp" time="0.002" classname="com.testcases.UserManagementPageTest">
    <failure type="java.lang.NullPointerException">
      <![CDATA[java.lang.NullPointerException
at com.base.TestBase.initialization(TestBase.java:42)
at com.testcases.UserManagementPageTest.setUp(UserManagementPageTest.java:28)
... Removed 28 stack frames]]>
    </failure>
  </testcase> <!-- @BeforeMethod setUp -->
  <testcase name="@AfterMethod tearup" time="0.0" classname="com.testcases.UserManagementPageTest">
    <skipped/>
  </testcase> <!-- @AfterMethod tearup -->
  <testcase name="@BeforeMethod setUp" time="0.0" classname="com.testcases.HomePageTest">
    <skipped/>
  </testcase> <!-- @BeforeMethod setUp -->
  <testcase name="@AfterMethod tearDown" time="0.0" classname="com.testcases.HomePageTest">
    <skipped/>
  </testcase> <!-- @AfterMethod tearDown -->
  <testcase name="AdminPageTest" time="0.0" classname="com.testcases.HomePageTest">
    <skipped/>
  </testcase> <!-- AdminPageTest -->
  <testcase name="configurationPageTest" time="0.0" classname="com.testcases.HomePageTest">
    <skipped/>
  </testcase> <!-- configurationPageTest -->
  <testcase name="jobPageTest" time="0.0" classname="com.testcases.HomePageTest">
    <skipped/>
  </testcase> <!-- jobPageTest -->
  <testcase name="jobTitlePageTest" time="0.0" classname="com.testcases.HomePageTest">
    <skipped/>
  </testcase> <!-- jobTitlePageTest -->
  <testcase name="notificationPageTest" time="0.0" classname="com.testcases.HomePageTest">
    <skipped/>
  </testcase> <!-- notificationPageTest -->
  <testcase name="organizationPageTest" time="0.0" classname="com.testcases.HomePageTest">
    <skipped/>
  </testcase> <!-- organizationPageTest -->
  <testcase name="qualificationPageTest" time="0.0" classname="com.testcases.HomePageTest">
    <skipped/>
  </testcase> <!-- qualificationPageTest -->
  <testcase name="fbLinkTest" time="0.0" classname="com.testcases.LoginPageTest">
    <skipped/>
  </testcase> <!-- fbLinkTest -->
  <testcase name="linkedInLinkTest" time="0.0" classname="com.testcases.LoginPageTest">
    <skipped/>
  </testcase> <!-- linkedInLinkTest -->
  <testcase name="loginPageTitleTest" time="0.0" classname="com.testcases.LoginPageTest">
    <skipped/>
  </testcase> <!-- loginPageTitleTest -->
  <testcase name="loginTest" time="0.0" classname="com.testcases.LoginPageTest">
    <skipped/>
  </testcase> <!-- loginTest -->
  <testcase name="twitterLinkTest" time="0.0" classname="com.testcases.LoginPageTest">
    <skipped/>
  </testcase> <!-- twitterLinkTest -->
  <testcase name="validatImageTest" time="0.0" classname="com.testcases.LoginPageTest">
    <skipped/>
  </testcase> <!-- validatImageTest -->
  <testcase name="youtubeLinkTest" time="0.0" classname="com.testcases.LoginPageTest">
    <skipped/>
  </testcase> <!-- youtubeLinkTest -->
  <testcase name="addUser" time="0.0" classname="com.testcases.UserManagementPageTest">
    <skipped/>
  </testcase> <!-- addUser -->
  <testcase name="verifyUserManagementPage" time="0.0" classname="com.testcases.UserManagementPageTest">
    <skipped/>
  </testcase> <!-- verifyUserManagementPage -->
  <testcase name="verifyHomepageTitle" time="0.0" classname="com.testcases.HomePageTest">
    <skipped/>
  </testcase> <!-- verifyHomepageTitle -->
</testsuite> <!-- Regression Test -->
