<?xml version="1.0" encoding="UTF-8"?>
<!-- Generated by org.testng.reporters.JUnitXMLReporter -->
<testsuite hostname="PUN-WKS-AC422" ignored="0" name="Sanity Test" tests="8" failures="0" timestamp="02 Apr 2019 04:38:41 GMT" time="0.068" errors="0">
  <testcase name="@BeforeMethod setUp" time="0.005" classname="com.testcases.HomePageTest">
    <failure type="java.lang.NullPointerException">
      <![CDATA[java.lang.NullPointerException
at com.base.TestBase.initialization(TestBase.java:42)
at com.testcases.HomePageTest.setUp(HomePageTest.java:23)
... Removed 28 stack frames]]>
    </failure>
  </testcase> <!-- @BeforeMethod setUp -->
  <testcase name="@AfterMethod tearDown" time="0.0" classname="com.testcases.HomePageTest">
    <skipped/>
  </testcase> <!-- @AfterMethod tearDown -->
  <testcase name="@BeforeMethod setUp" time="0.0" classname="com.testcases.HomePageTest">
    <skipped/>
  </testcase> <!-- @BeforeMethod setUp -->
  <testcase name="@AfterMethod tearDown" time="0.0" classname="com.testcases.HomePageTest">
    <skipped/>
  </testcase> <!-- @AfterMethod tearDown -->
  <testcase name="@BeforeMethod setUp" time="0.0" classname="com.testcases.HomePageTest">
    <skipped/>
  </testcase> <!-- @BeforeMethod setUp -->
  <testcase name="@AfterMethod tearDown" time="0.0" classname="com.testcases.HomePageTest">
    <skipped/>
  </testcase> <!-- @AfterMethod tearDown -->
  <testcase name="@BeforeMethod setUp" time="0.0" classname="com.testcases.HomePageTest">
    <skipped/>
  </testcase> <!-- @BeforeMethod setUp -->
  <testcase name="@AfterMethod tearDown" time="0.0" classname="com.testcases.HomePageTest">
    <skipped/>
  </testcase> <!-- @AfterMethod tearDown -->
  <testcase name="@BeforeMethod setUp" time="0.0" classname="com.testcases.HomePageTest">
    <skipped/>
  </testcase> <!-- @BeforeMethod setUp -->
  <testcase name="@AfterMethod tearDown" time="0.0" classname="com.testcases.HomePageTest">
    <skipped/>
  </testcase> <!-- @AfterMethod tearDown -->
  <testcase name="@BeforeMethod setUp" time="0.0" classname="com.testcases.HomePageTest">
    <skipped/>
  </testcase> <!-- @BeforeMethod setUp -->
  <testcase name="@AfterMethod tearDown" time="0.0" classname="com.testcases.HomePageTest">
    <skipped/>
  </testcase> <!-- @AfterMethod tearDown -->
  <testcase name="@BeforeMethod setUp" time="0.0" classname="com.testcases.HomePageTest">
    <skipped/>
  </testcase> <!-- @BeforeMethod setUp -->
  <testcase name="@AfterMethod tearDown" time="0.0" classname="com.testcases.HomePageTest">
    <skipped/>
  </testcase> <!-- @AfterMethod tearDown -->
  <testcase name="@BeforeMethod setUp" time="0.0" classname="com.testcases.HomePageTest">
    <skipped/>
  </testcase> <!-- @BeforeMethod setUp -->
  <testcase name="@AfterMethod tearDown" time="0.0" classname="com.testcases.HomePageTest">
    <skipped/>
  </testcase> <!-- @AfterMethod tearDown -->
  <testcase name="AdminPageTest" time="0.0" classname="com.testcases.HomePageTest">
    <skipped/>
  </testcase> <!-- AdminPageTest -->
  <testcase name="configurationPageTest" time="0.0" classname="com.testcases.HomePageTest">
    <skipped/>
  </testcase> <!-- configurationPageTest -->
  <testcase name="jobPageTest" time="0.0" classname="com.testcases.HomePageTest">
    <skipped/>
  </testcase> <!-- jobPageTest -->
  <testcase name="jobTitlePageTest" time="0.0" classname="com.testcases.HomePageTest">
    <skipped/>
  </testcase> <!-- jobTitlePageTest -->
  <testcase name="notificationPageTest" time="0.0" classname="com.testcases.HomePageTest">
    <skipped/>
  </testcase> <!-- notificationPageTest -->
  <testcase name="organizationPageTest" time="0.0" classname="com.testcases.HomePageTest">
    <skipped/>
  </testcase> <!-- organizationPageTest -->
  <testcase name="qualificationPageTest" time="0.0" classname="com.testcases.HomePageTest">
    <skipped/>
  </testcase> <!-- qualificationPageTest -->
  <testcase name="verifyHomepageTitle" time="0.0" classname="com.testcases.HomePageTest">
    <skipped/>
  </testcase> <!-- verifyHomepageTitle -->
</testsuite> <!-- Sanity Test -->
